<?xml version="1.0" encoding="UTF-8"?>
<testsuite name="edu.jsu.mcis.HelloWorldTest" tests="2" skipped="0" failures="0" errors="0" timestamp="2018-01-28T20:23:19" hostname="Kyles-MacBook-Pro.local" time="0.004">
  <properties/>
  <testcase name="testReverseIt" classname="edu.jsu.mcis.HelloWorldTest" time="0.004"/>
  <testcase name="testShowIt" classname="edu.jsu.mcis.HelloWorldTest" time="0.0"/>
  <system-out><![CDATA[]]></system-out>
  <system-err><![CDATA[]]></system-err>
</testsuite>
